2020-06-22 15:00:23.100 [restartedMain] INFO  com.atguigu.eduservice.EduServiceApplication - Starting EduServiceApplication on DESKTOP-90MN7HO with PID 2336 (G:\JAVA\vblog\guli_parent\service\service_edu\target\classes started by tyl in G:\JAVA\vblog\guli_parent)
2020-06-22 15:00:23.108 [restartedMain] INFO  com.atguigu.eduservice.EduServiceApplication - The following profiles are active: dev
2020-06-22 15:00:23.183 [restartedMain] INFO  o.s.b.d.env.DevToolsPropertyDefaultsPostProcessor - Devtools property defaults active! Set 'spring.devtools.add-properties' to 'false' to disable
2020-06-22 15:00:23.183 [restartedMain] INFO  o.s.b.d.env.DevToolsPropertyDefaultsPostProcessor - For additional web related logging consider setting the 'logging.level.web' property to 'DEBUG'
2020-06-22 15:00:25.686 [restartedMain] INFO  o.s.d.r.config.RepositoryConfigurationDelegate - Multiple Spring Data modules found, entering strict repository configuration mode!
2020-06-22 15:00:25.690 [restartedMain] INFO  o.s.d.r.config.RepositoryConfigurationDelegate - Bootstrapping Spring Data repositories in DEFAULT mode.
2020-06-22 15:00:25.733 [restartedMain] INFO  o.s.d.r.config.RepositoryConfigurationDelegate - Finished Spring Data repository scanning in 13ms. Found 0 repository interfaces.
2020-06-22 15:00:26.288 [restartedMain] INFO  o.s.c.s.PostProcessorRegistrationDelegate$BeanPostProcessorChecker - Bean 'org.springframework.transaction.annotation.ProxyTransactionManagementConfiguration' of type [org.springframework.transaction.annotation.ProxyTransactionManagementConfiguration] is not eligible for getting processed by all BeanPostProcessors (for example: not eligible for auto-proxying)
2020-06-22 15:00:26.866 [restartedMain] INFO  o.s.boot.web.embedded.tomcat.TomcatWebServer - Tomcat initialized with port(s): 8001 (http)
2020-06-22 15:00:26.883 [restartedMain] INFO  org.apache.coyote.http11.Http11NioProtocol - Initializing ProtocolHandler ["http-nio-8001"]
2020-06-22 15:00:26.884 [restartedMain] INFO  org.apache.catalina.core.StandardService - Starting service [Tomcat]
2020-06-22 15:00:26.884 [restartedMain] INFO  org.apache.catalina.core.StandardEngine - Starting Servlet engine: [Apache Tomcat/9.0.27]
2020-06-22 15:00:27.185 [restartedMain] INFO  o.a.c.core.ContainerBase.[Tomcat].[localhost].[/] - Initializing Spring embedded WebApplicationContext
2020-06-22 15:00:27.185 [restartedMain] INFO  org.springframework.web.context.ContextLoader - Root WebApplicationContext: initialization completed in 4001 ms
2020-06-22 15:00:28.052 [restartedMain] INFO  org.apache.catalina.core.StandardService - Stopping service [Tomcat]
2020-06-22 15:00:28.080 [restartedMain] INFO  o.s.b.a.l.ConditionEvaluationReportLoggingListener - 

Error starting ApplicationContext. To display the conditions report re-run your application with 'debug' enabled.
2020-06-22 15:01:29.368 [restartedMain] INFO  com.atguigu.eduservice.EduServiceApplication - Starting EduServiceApplication on DESKTOP-90MN7HO with PID 5600 (G:\JAVA\vblog\guli_parent\service\service_edu\target\classes started by tyl in G:\JAVA\vblog\guli_parent)
2020-06-22 15:01:29.375 [restartedMain] INFO  com.atguigu.eduservice.EduServiceApplication - The following profiles are active: dev
2020-06-22 15:01:29.509 [restartedMain] INFO  o.s.b.d.env.DevToolsPropertyDefaultsPostProcessor - Devtools property defaults active! Set 'spring.devtools.add-properties' to 'false' to disable
2020-06-22 15:01:29.510 [restartedMain] INFO  o.s.b.d.env.DevToolsPropertyDefaultsPostProcessor - For additional web related logging consider setting the 'logging.level.web' property to 'DEBUG'
2020-06-22 15:01:32.621 [restartedMain] INFO  o.s.d.r.config.RepositoryConfigurationDelegate - Multiple Spring Data modules found, entering strict repository configuration mode!
2020-06-22 15:01:32.626 [restartedMain] INFO  o.s.d.r.config.RepositoryConfigurationDelegate - Bootstrapping Spring Data repositories in DEFAULT mode.
2020-06-22 15:01:32.712 [restartedMain] INFO  o.s.d.r.config.RepositoryConfigurationDelegate - Finished Spring Data repository scanning in 41ms. Found 0 repository interfaces.
2020-06-22 15:01:33.476 [restartedMain] INFO  o.s.c.s.PostProcessorRegistrationDelegate$BeanPostProcessorChecker - Bean 'org.springframework.transaction.annotation.ProxyTransactionManagementConfiguration' of type [org.springframework.transaction.annotation.ProxyTransactionManagementConfiguration] is not eligible for getting processed by all BeanPostProcessors (for example: not eligible for auto-proxying)
2020-06-22 15:01:33.927 [restartedMain] INFO  o.s.boot.web.embedded.tomcat.TomcatWebServer - Tomcat initialized with port(s): 8001 (http)
2020-06-22 15:01:33.941 [restartedMain] INFO  org.apache.coyote.http11.Http11NioProtocol - Initializing ProtocolHandler ["http-nio-8001"]
2020-06-22 15:01:33.942 [restartedMain] INFO  org.apache.catalina.core.StandardService - Starting service [Tomcat]
2020-06-22 15:01:33.942 [restartedMain] INFO  org.apache.catalina.core.StandardEngine - Starting Servlet engine: [Apache Tomcat/9.0.27]
2020-06-22 15:01:34.234 [restartedMain] INFO  o.a.c.core.ContainerBase.[Tomcat].[localhost].[/] - Initializing Spring embedded WebApplicationContext
2020-06-22 15:01:34.234 [restartedMain] INFO  org.springframework.web.context.ContextLoader - Root WebApplicationContext: initialization completed in 4723 ms
2020-06-22 15:01:35.123 [restartedMain] INFO  com.zaxxer.hikari.HikariDataSource - GuliHikariPool - Starting...
2020-06-22 15:01:35.599 [restartedMain] INFO  com.zaxxer.hikari.HikariDataSource - GuliHikariPool - Start completed.
2020-06-22 15:01:36.657 [restartedMain] INFO  o.s.b.actuate.endpoint.web.EndpointLinksResolver - Exposing 2 endpoint(s) beneath base path '/actuator'
2020-06-22 15:01:36.799 [restartedMain] INFO  s.d.s.w.PropertySourcedRequestMappingHandlerMapping - Mapped URL path [/v2/api-docs] onto method [springfox.documentation.swagger2.web.Swagger2Controller#getDocumentation(String, HttpServletRequest)]
2020-06-22 15:01:37.007 [restartedMain] INFO  o.s.scheduling.concurrent.ThreadPoolTaskExecutor - Initializing ExecutorService 'applicationTaskExecutor'
2020-06-22 15:01:37.069 [restartedMain] INFO  o.s.b.d.autoconfigure.OptionalLiveReloadServer - LiveReload server is running on port 35729
2020-06-22 15:01:37.694 [restartedMain] INFO  s.d.s.web.plugins.DocumentationPluginsBootstrapper - Context refreshed
2020-06-22 15:01:37.715 [restartedMain] INFO  s.d.s.web.plugins.DocumentationPluginsBootstrapper - Found 1 custom documentation plugin(s)
2020-06-22 15:01:37.806 [restartedMain] INFO  s.d.spring.web.scanners.ApiListingReferenceScanner - Scanning for api listing references
2020-06-22 15:01:38.059 [restartedMain] INFO  s.d.s.w.r.operation.CachingOperationNameGenerator - Generating unique operation named: handleUsingGET_1
2020-06-22 15:01:38.065 [restartedMain] INFO  s.d.s.w.r.operation.CachingOperationNameGenerator - Generating unique operation named: handleUsingGET_2
2020-06-22 15:01:38.116 [restartedMain] INFO  org.apache.coyote.http11.Http11NioProtocol - Starting ProtocolHandler ["http-nio-8001"]
2020-06-22 15:01:38.162 [restartedMain] INFO  o.s.boot.web.embedded.tomcat.TomcatWebServer - Tomcat started on port(s): 8001 (http) with context path ''
2020-06-22 15:01:38.168 [restartedMain] INFO  com.atguigu.eduservice.EduServiceApplication - Started EduServiceApplication in 10.551 seconds (JVM running for 12.842)
2020-06-22 15:01:38.638 [RMI TCP Connection(1)-169.254.229.131] INFO  o.a.c.core.ContainerBase.[Tomcat].[localhost].[/] - Initializing Spring DispatcherServlet 'dispatcherServlet'
2020-06-22 15:01:38.639 [RMI TCP Connection(1)-169.254.229.131] INFO  org.springframework.web.servlet.DispatcherServlet - Initializing Servlet 'dispatcherServlet'
2020-06-22 15:01:38.658 [RMI TCP Connection(1)-169.254.229.131] INFO  org.springframework.web.servlet.DispatcherServlet - Completed initialization in 19 ms
2020-06-22 15:01:39.430 [boundedElastic-1] INFO  io.lettuce.core.EpollProvider - Starting without optional epoll library
2020-06-22 15:01:39.432 [boundedElastic-1] INFO  io.lettuce.core.KqueueProvider - Starting without optional kqueue library
2020-06-22 15:09:59.950 [Thread-24] INFO  o.s.scheduling.concurrent.ThreadPoolTaskExecutor - Shutting down ExecutorService 'applicationTaskExecutor'
2020-06-22 15:10:00.081 [Thread-24] INFO  com.zaxxer.hikari.HikariDataSource - GuliHikariPool - Shutdown initiated...
2020-06-22 15:10:00.091 [Thread-24] INFO  com.zaxxer.hikari.HikariDataSource - GuliHikariPool - Shutdown completed.
2020-06-22 15:10:00.857 [restartedMain] INFO  com.atguigu.eduservice.EduServiceApplication - Starting EduServiceApplication on DESKTOP-90MN7HO with PID 5600 (G:\JAVA\vblog\guli_parent\service\service_edu\target\classes started by tyl in G:\JAVA\vblog\guli_parent)
2020-06-22 15:10:00.857 [restartedMain] INFO  com.atguigu.eduservice.EduServiceApplication - The following profiles are active: dev
2020-06-22 15:10:02.578 [restartedMain] INFO  o.s.d.r.config.RepositoryConfigurationDelegate - Multiple Spring Data modules found, entering strict repository configuration mode!
2020-06-22 15:10:02.580 [restartedMain] INFO  o.s.d.r.config.RepositoryConfigurationDelegate - Bootstrapping Spring Data repositories in DEFAULT mode.
2020-06-22 15:10:02.593 [restartedMain] INFO  o.s.d.r.config.RepositoryConfigurationDelegate - Finished Spring Data repository scanning in 11ms. Found 0 repository interfaces.
2020-06-22 15:10:02.748 [restartedMain] INFO  o.s.c.s.PostProcessorRegistrationDelegate$BeanPostProcessorChecker - Bean 'org.springframework.transaction.annotation.ProxyTransactionManagementConfiguration' of type [org.springframework.transaction.annotation.ProxyTransactionManagementConfiguration] is not eligible for getting processed by all BeanPostProcessors (for example: not eligible for auto-proxying)
2020-06-22 15:10:02.997 [restartedMain] INFO  o.s.boot.web.embedded.tomcat.TomcatWebServer - Tomcat initialized with port(s): 8001 (http)
2020-06-22 15:10:02.998 [restartedMain] INFO  org.apache.coyote.http11.Http11NioProtocol - Initializing ProtocolHandler ["http-nio-8001"]
2020-06-22 15:10:02.998 [restartedMain] INFO  org.apache.catalina.core.StandardService - Starting service [Tomcat]
2020-06-22 15:10:02.999 [restartedMain] INFO  org.apache.catalina.core.StandardEngine - Starting Servlet engine: [Apache Tomcat/9.0.27]
2020-06-22 15:10:03.034 [restartedMain] INFO  o.a.c.core.ContainerBase.[Tomcat].[localhost].[/] - Initializing Spring embedded WebApplicationContext
2020-06-22 15:10:03.034 [restartedMain] INFO  org.springframework.web.context.ContextLoader - Root WebApplicationContext: initialization completed in 2167 ms
2020-06-22 15:10:03.329 [restartedMain] INFO  com.zaxxer.hikari.HikariDataSource - GuliHikariPool - Starting...
2020-06-22 15:10:03.335 [restartedMain] INFO  com.zaxxer.hikari.HikariDataSource - GuliHikariPool - Start completed.
2020-06-22 15:10:03.750 [restartedMain] INFO  o.s.b.actuate.endpoint.web.EndpointLinksResolver - Exposing 2 endpoint(s) beneath base path '/actuator'
2020-06-22 15:10:03.835 [restartedMain] INFO  s.d.s.w.PropertySourcedRequestMappingHandlerMapping - Mapped URL path [/v2/api-docs] onto method [springfox.documentation.swagger2.web.Swagger2Controller#getDocumentation(String, HttpServletRequest)]
2020-06-22 15:10:03.978 [restartedMain] INFO  o.s.scheduling.concurrent.ThreadPoolTaskExecutor - Initializing ExecutorService 'applicationTaskExecutor'
2020-06-22 15:10:03.996 [restartedMain] INFO  o.s.b.d.autoconfigure.OptionalLiveReloadServer - LiveReload server is running on port 35729
2020-06-22 15:10:04.258 [restartedMain] INFO  s.d.s.web.plugins.DocumentationPluginsBootstrapper - Context refreshed
2020-06-22 15:10:04.261 [restartedMain] INFO  s.d.s.web.plugins.DocumentationPluginsBootstrapper - Found 1 custom documentation plugin(s)
2020-06-22 15:10:04.296 [restartedMain] INFO  s.d.spring.web.scanners.ApiListingReferenceScanner - Scanning for api listing references
2020-06-22 15:10:04.476 [restartedMain] INFO  s.d.s.w.r.operation.CachingOperationNameGenerator - Generating unique operation named: handleUsingGET_1
2020-06-22 15:10:04.483 [restartedMain] INFO  s.d.s.w.r.operation.CachingOperationNameGenerator - Generating unique operation named: handleUsingGET_2
2020-06-22 15:10:04.514 [restartedMain] INFO  org.apache.coyote.http11.Http11NioProtocol - Starting ProtocolHandler ["http-nio-8001"]
2020-06-22 15:10:04.523 [restartedMain] INFO  o.s.boot.web.embedded.tomcat.TomcatWebServer - Tomcat started on port(s): 8001 (http) with context path ''
2020-06-22 15:10:04.530 [restartedMain] INFO  com.atguigu.eduservice.EduServiceApplication - Started EduServiceApplication in 3.779 seconds (JVM running for 519.199)
2020-06-22 15:10:04.538 [restartedMain] INFO  o.s.b.d.a.ConditionEvaluationDeltaLoggingListener - Condition evaluation unchanged
2020-06-22 15:13:28.322 [Thread-42] INFO  o.s.scheduling.concurrent.ThreadPoolTaskExecutor - Shutting down ExecutorService 'applicationTaskExecutor'
2020-06-22 15:13:28.329 [Thread-42] INFO  com.zaxxer.hikari.HikariDataSource - GuliHikariPool - Shutdown initiated...
2020-06-22 15:13:28.343 [Thread-42] INFO  com.zaxxer.hikari.HikariDataSource - GuliHikariPool - Shutdown completed.
2020-06-22 15:13:30.210 [restartedMain] INFO  com.atguigu.eduservice.EduServiceApplication - Starting EduServiceApplication on DESKTOP-90MN7HO with PID 5600 (G:\JAVA\vblog\guli_parent\service\service_edu\target\classes started by tyl in G:\JAVA\vblog\guli_parent)
2020-06-22 15:13:30.211 [restartedMain] INFO  com.atguigu.eduservice.EduServiceApplication - The following profiles are active: dev
2020-06-22 15:13:32.573 [restartedMain] INFO  o.s.d.r.config.RepositoryConfigurationDelegate - Multiple Spring Data modules found, entering strict repository configuration mode!
2020-06-22 15:13:32.574 [restartedMain] INFO  o.s.d.r.config.RepositoryConfigurationDelegate - Bootstrapping Spring Data repositories in DEFAULT mode.
2020-06-22 15:13:32.584 [restartedMain] INFO  o.s.d.r.config.RepositoryConfigurationDelegate - Finished Spring Data repository scanning in 9ms. Found 0 repository interfaces.
2020-06-22 15:13:32.784 [restartedMain] INFO  o.s.c.s.PostProcessorRegistrationDelegate$BeanPostProcessorChecker - Bean 'org.springframework.transaction.annotation.ProxyTransactionManagementConfiguration' of type [org.springframework.transaction.annotation.ProxyTransactionManagementConfiguration] is not eligible for getting processed by all BeanPostProcessors (for example: not eligible for auto-proxying)
2020-06-22 15:13:33.025 [restartedMain] INFO  o.s.boot.web.embedded.tomcat.TomcatWebServer - Tomcat initialized with port(s): 8001 (http)
2020-06-22 15:13:33.026 [restartedMain] INFO  org.apache.coyote.http11.Http11NioProtocol - Initializing ProtocolHandler ["http-nio-8001"]
2020-06-22 15:13:33.028 [restartedMain] INFO  org.apache.catalina.core.StandardService - Starting service [Tomcat]
2020-06-22 15:13:33.029 [restartedMain] INFO  org.apache.catalina.core.StandardEngine - Starting Servlet engine: [Apache Tomcat/9.0.27]
2020-06-22 15:13:33.074 [restartedMain] INFO  o.a.c.core.ContainerBase.[Tomcat].[localhost].[/] - Initializing Spring embedded WebApplicationContext
2020-06-22 15:13:33.075 [restartedMain] INFO  org.springframework.web.context.ContextLoader - Root WebApplicationContext: initialization completed in 2855 ms
2020-06-22 15:13:33.432 [restartedMain] INFO  com.zaxxer.hikari.HikariDataSource - GuliHikariPool - Starting...
2020-06-22 15:13:33.440 [restartedMain] INFO  com.zaxxer.hikari.HikariDataSource - GuliHikariPool - Start completed.
2020-06-22 15:13:33.741 [restartedMain] INFO  o.s.b.actuate.endpoint.web.EndpointLinksResolver - Exposing 2 endpoint(s) beneath base path '/actuator'
2020-06-22 15:13:33.776 [restartedMain] INFO  s.d.s.w.PropertySourcedRequestMappingHandlerMapping - Mapped URL path [/v2/api-docs] onto method [springfox.documentation.swagger2.web.Swagger2Controller#getDocumentation(String, HttpServletRequest)]
2020-06-22 15:13:33.847 [restartedMain] INFO  o.s.scheduling.concurrent.ThreadPoolTaskExecutor - Initializing ExecutorService 'applicationTaskExecutor'
2020-06-22 15:13:33.862 [restartedMain] INFO  o.s.b.d.autoconfigure.OptionalLiveReloadServer - LiveReload server is running on port 35729
2020-06-22 15:13:34.043 [restartedMain] INFO  s.d.s.web.plugins.DocumentationPluginsBootstrapper - Context refreshed
2020-06-22 15:13:34.045 [restartedMain] INFO  s.d.s.web.plugins.DocumentationPluginsBootstrapper - Found 1 custom documentation plugin(s)
2020-06-22 15:13:34.072 [restartedMain] INFO  s.d.spring.web.scanners.ApiListingReferenceScanner - Scanning for api listing references
2020-06-22 15:13:34.193 [restartedMain] INFO  s.d.s.w.r.operation.CachingOperationNameGenerator - Generating unique operation named: handleUsingGET_1
2020-06-22 15:13:34.198 [restartedMain] INFO  s.d.s.w.r.operation.CachingOperationNameGenerator - Generating unique operation named: handleUsingGET_2
2020-06-22 15:13:34.221 [restartedMain] INFO  org.apache.coyote.http11.Http11NioProtocol - Starting ProtocolHandler ["http-nio-8001"]
2020-06-22 15:13:34.227 [restartedMain] INFO  o.s.boot.web.embedded.tomcat.TomcatWebServer - Tomcat started on port(s): 8001 (http) with context path ''
2020-06-22 15:13:34.228 [restartedMain] INFO  com.atguigu.eduservice.EduServiceApplication - Started EduServiceApplication in 4.228 seconds (JVM running for 728.903)
2020-06-22 15:13:34.235 [restartedMain] INFO  o.s.b.d.a.ConditionEvaluationDeltaLoggingListener - Condition evaluation unchanged
2020-06-22 15:15:26.298 [Thread-47] INFO  o.s.scheduling.concurrent.ThreadPoolTaskExecutor - Shutting down ExecutorService 'applicationTaskExecutor'
2020-06-22 15:15:26.312 [Thread-47] INFO  com.zaxxer.hikari.HikariDataSource - GuliHikariPool - Shutdown initiated...
2020-06-22 15:15:26.321 [Thread-47] INFO  com.zaxxer.hikari.HikariDataSource - GuliHikariPool - Shutdown completed.
2020-06-22 15:15:27.086 [restartedMain] INFO  com.atguigu.eduservice.EduServiceApplication - Starting EduServiceApplication on DESKTOP-90MN7HO with PID 5600 (G:\JAVA\vblog\guli_parent\service\service_edu\target\classes started by tyl in G:\JAVA\vblog\guli_parent)
2020-06-22 15:15:27.086 [restartedMain] INFO  com.atguigu.eduservice.EduServiceApplication - The following profiles are active: dev
2020-06-22 15:15:28.640 [restartedMain] INFO  o.s.d.r.config.RepositoryConfigurationDelegate - Multiple Spring Data modules found, entering strict repository configuration mode!
2020-06-22 15:15:28.641 [restartedMain] INFO  o.s.d.r.config.RepositoryConfigurationDelegate - Bootstrapping Spring Data repositories in DEFAULT mode.
2020-06-22 15:15:28.649 [restartedMain] INFO  o.s.d.r.config.RepositoryConfigurationDelegate - Finished Spring Data repository scanning in 7ms. Found 0 repository interfaces.
2020-06-22 15:15:28.778 [restartedMain] INFO  o.s.c.s.PostProcessorRegistrationDelegate$BeanPostProcessorChecker - Bean 'org.springframework.transaction.annotation.ProxyTransactionManagementConfiguration' of type [org.springframework.transaction.annotation.ProxyTransactionManagementConfiguration] is not eligible for getting processed by all BeanPostProcessors (for example: not eligible for auto-proxying)
2020-06-22 15:15:28.905 [restartedMain] INFO  o.s.boot.web.embedded.tomcat.TomcatWebServer - Tomcat initialized with port(s): 8001 (http)
2020-06-22 15:15:28.906 [restartedMain] INFO  org.apache.coyote.http11.Http11NioProtocol - Initializing ProtocolHandler ["http-nio-8001"]
2020-06-22 15:15:28.907 [restartedMain] INFO  org.apache.catalina.core.StandardService - Starting service [Tomcat]
2020-06-22 15:15:28.907 [restartedMain] INFO  org.apache.catalina.core.StandardEngine - Starting Servlet engine: [Apache Tomcat/9.0.27]
2020-06-22 15:15:28.932 [restartedMain] INFO  o.a.c.core.ContainerBase.[Tomcat].[localhost].[/] - Initializing Spring embedded WebApplicationContext
2020-06-22 15:15:28.932 [restartedMain] INFO  org.springframework.web.context.ContextLoader - Root WebApplicationContext: initialization completed in 1838 ms
2020-06-22 15:15:29.088 [restartedMain] INFO  com.zaxxer.hikari.HikariDataSource - GuliHikariPool - Starting...
2020-06-22 15:15:29.095 [restartedMain] INFO  com.zaxxer.hikari.HikariDataSource - GuliHikariPool - Start completed.
2020-06-22 15:15:29.300 [restartedMain] INFO  o.s.b.actuate.endpoint.web.EndpointLinksResolver - Exposing 2 endpoint(s) beneath base path '/actuator'
2020-06-22 15:15:29.330 [restartedMain] INFO  s.d.s.w.PropertySourcedRequestMappingHandlerMapping - Mapped URL path [/v2/api-docs] onto method [springfox.documentation.swagger2.web.Swagger2Controller#getDocumentation(String, HttpServletRequest)]
2020-06-22 15:15:29.399 [restartedMain] INFO  o.s.scheduling.concurrent.ThreadPoolTaskExecutor - Initializing ExecutorService 'applicationTaskExecutor'
2020-06-22 15:15:29.409 [restartedMain] INFO  o.s.b.d.autoconfigure.OptionalLiveReloadServer - LiveReload server is running on port 35729
2020-06-22 15:15:29.560 [restartedMain] INFO  s.d.s.web.plugins.DocumentationPluginsBootstrapper - Context refreshed
2020-06-22 15:15:29.562 [restartedMain] INFO  s.d.s.web.plugins.DocumentationPluginsBootstrapper - Found 1 custom documentation plugin(s)
2020-06-22 15:15:29.575 [restartedMain] INFO  s.d.spring.web.scanners.ApiListingReferenceScanner - Scanning for api listing references
2020-06-22 15:15:29.639 [restartedMain] INFO  s.d.s.w.r.operation.CachingOperationNameGenerator - Generating unique operation named: handleUsingGET_1
2020-06-22 15:15:29.641 [restartedMain] INFO  s.d.s.w.r.operation.CachingOperationNameGenerator - Generating unique operation named: handleUsingGET_2
2020-06-22 15:15:29.655 [restartedMain] INFO  org.apache.coyote.http11.Http11NioProtocol - Starting ProtocolHandler ["http-nio-8001"]
2020-06-22 15:15:29.661 [restartedMain] INFO  o.s.boot.web.embedded.tomcat.TomcatWebServer - Tomcat started on port(s): 8001 (http) with context path ''
2020-06-22 15:15:29.663 [restartedMain] INFO  com.atguigu.eduservice.EduServiceApplication - Started EduServiceApplication in 2.67 seconds (JVM running for 844.337)
2020-06-22 15:15:29.666 [restartedMain] INFO  o.s.b.d.a.ConditionEvaluationDeltaLoggingListener - Condition evaluation unchanged
2020-06-22 15:17:09.827 [Thread-52] INFO  o.s.scheduling.concurrent.ThreadPoolTaskExecutor - Shutting down ExecutorService 'applicationTaskExecutor'
2020-06-22 15:17:09.837 [Thread-52] INFO  com.zaxxer.hikari.HikariDataSource - GuliHikariPool - Shutdown initiated...
2020-06-22 15:17:09.849 [Thread-52] INFO  com.zaxxer.hikari.HikariDataSource - GuliHikariPool - Shutdown completed.
2020-06-22 15:17:10.781 [restartedMain] INFO  com.atguigu.eduservice.EduServiceApplication - Starting EduServiceApplication on DESKTOP-90MN7HO with PID 5600 (G:\JAVA\vblog\guli_parent\service\service_edu\target\classes started by tyl in G:\JAVA\vblog\guli_parent)
2020-06-22 15:17:10.782 [restartedMain] INFO  com.atguigu.eduservice.EduServiceApplication - The following profiles are active: dev
2020-06-22 15:17:13.694 [restartedMain] INFO  o.s.d.r.config.RepositoryConfigurationDelegate - Multiple Spring Data modules found, entering strict repository configuration mode!
2020-06-22 15:17:13.695 [restartedMain] INFO  o.s.d.r.config.RepositoryConfigurationDelegate - Bootstrapping Spring Data repositories in DEFAULT mode.
2020-06-22 15:17:13.706 [restartedMain] INFO  o.s.d.r.config.RepositoryConfigurationDelegate - Finished Spring Data repository scanning in 10ms. Found 0 repository interfaces.
2020-06-22 15:17:13.882 [restartedMain] INFO  o.s.c.s.PostProcessorRegistrationDelegate$BeanPostProcessorChecker - Bean 'org.springframework.transaction.annotation.ProxyTransactionManagementConfiguration' of type [org.springframework.transaction.annotation.ProxyTransactionManagementConfiguration] is not eligible for getting processed by all BeanPostProcessors (for example: not eligible for auto-proxying)
2020-06-22 15:17:14.208 [restartedMain] INFO  o.s.boot.web.embedded.tomcat.TomcatWebServer - Tomcat initialized with port(s): 8001 (http)
2020-06-22 15:17:14.210 [restartedMain] INFO  org.apache.coyote.http11.Http11NioProtocol - Initializing ProtocolHandler ["http-nio-8001"]
2020-06-22 15:17:14.210 [restartedMain] INFO  org.apache.catalina.core.StandardService - Starting service [Tomcat]
2020-06-22 15:17:14.210 [restartedMain] INFO  org.apache.catalina.core.StandardEngine - Starting Servlet engine: [Apache Tomcat/9.0.27]
2020-06-22 15:17:14.241 [restartedMain] INFO  o.a.c.core.ContainerBase.[Tomcat].[localhost].[/] - Initializing Spring embedded WebApplicationContext
2020-06-22 15:17:14.242 [restartedMain] INFO  org.springframework.web.context.ContextLoader - Root WebApplicationContext: initialization completed in 3453 ms
2020-06-22 15:17:14.559 [restartedMain] INFO  com.zaxxer.hikari.HikariDataSource - GuliHikariPool - Starting...
2020-06-22 15:17:14.564 [restartedMain] INFO  com.zaxxer.hikari.HikariDataSource - GuliHikariPool - Start completed.
2020-06-22 15:17:15.640 [restartedMain] INFO  o.s.b.actuate.endpoint.web.EndpointLinksResolver - Exposing 2 endpoint(s) beneath base path '/actuator'
2020-06-22 15:17:15.801 [restartedMain] INFO  s.d.s.w.PropertySourcedRequestMappingHandlerMapping - Mapped URL path [/v2/api-docs] onto method [springfox.documentation.swagger2.web.Swagger2Controller#getDocumentation(String, HttpServletRequest)]
2020-06-22 15:17:15.887 [restartedMain] INFO  o.s.scheduling.concurrent.ThreadPoolTaskExecutor - Initializing ExecutorService 'applicationTaskExecutor'
2020-06-22 15:17:15.903 [restartedMain] INFO  o.s.b.d.autoconfigure.OptionalLiveReloadServer - LiveReload server is running on port 35729
2020-06-22 15:17:16.601 [restartedMain] INFO  s.d.s.web.plugins.DocumentationPluginsBootstrapper - Context refreshed
2020-06-22 15:17:16.605 [restartedMain] INFO  s.d.s.web.plugins.DocumentationPluginsBootstrapper - Found 1 custom documentation plugin(s)
2020-06-22 15:17:16.677 [restartedMain] INFO  s.d.spring.web.scanners.ApiListingReferenceScanner - Scanning for api listing references
2020-06-22 15:17:16.815 [restartedMain] INFO  s.d.s.w.r.operation.CachingOperationNameGenerator - Generating unique operation named: handleUsingGET_1
2020-06-22 15:17:16.819 [restartedMain] INFO  s.d.s.w.r.operation.CachingOperationNameGenerator - Generating unique operation named: handleUsingGET_2
2020-06-22 15:17:16.851 [restartedMain] INFO  org.apache.coyote.http11.Http11NioProtocol - Starting ProtocolHandler ["http-nio-8001"]
2020-06-22 15:17:16.862 [restartedMain] INFO  o.s.boot.web.embedded.tomcat.TomcatWebServer - Tomcat started on port(s): 8001 (http) with context path ''
2020-06-22 15:17:16.867 [restartedMain] INFO  com.atguigu.eduservice.EduServiceApplication - Started EduServiceApplication in 6.208 seconds (JVM running for 951.541)
2020-06-22 15:17:16.876 [restartedMain] INFO  o.s.b.d.a.ConditionEvaluationDeltaLoggingListener - Condition evaluation unchanged
2020-06-22 15:17:33.337 [Thread-57] INFO  o.s.scheduling.concurrent.ThreadPoolTaskExecutor - Shutting down ExecutorService 'applicationTaskExecutor'
2020-06-22 15:17:33.342 [Thread-57] INFO  com.zaxxer.hikari.HikariDataSource - GuliHikariPool - Shutdown initiated...
2020-06-22 15:17:33.350 [Thread-57] INFO  com.zaxxer.hikari.HikariDataSource - GuliHikariPool - Shutdown completed.
2020-06-22 15:17:34.019 [restartedMain] INFO  com.atguigu.eduservice.EduServiceApplication - Starting EduServiceApplication on DESKTOP-90MN7HO with PID 5600 (G:\JAVA\vblog\guli_parent\service\service_edu\target\classes started by tyl in G:\JAVA\vblog\guli_parent)
2020-06-22 15:17:34.020 [restartedMain] INFO  com.atguigu.eduservice.EduServiceApplication - The following profiles are active: dev
2020-06-22 15:17:35.568 [restartedMain] INFO  o.s.d.r.config.RepositoryConfigurationDelegate - Multiple Spring Data modules found, entering strict repository configuration mode!
2020-06-22 15:17:35.568 [restartedMain] INFO  o.s.d.r.config.RepositoryConfigurationDelegate - Bootstrapping Spring Data repositories in DEFAULT mode.
2020-06-22 15:17:35.579 [restartedMain] INFO  o.s.d.r.config.RepositoryConfigurationDelegate - Finished Spring Data repository scanning in 8ms. Found 0 repository interfaces.
2020-06-22 15:17:35.765 [restartedMain] INFO  o.s.c.s.PostProcessorRegistrationDelegate$BeanPostProcessorChecker - Bean 'org.springframework.transaction.annotation.ProxyTransactionManagementConfiguration' of type [org.springframework.transaction.annotation.ProxyTransactionManagementConfiguration] is not eligible for getting processed by all BeanPostProcessors (for example: not eligible for auto-proxying)
2020-06-22 15:17:35.922 [restartedMain] INFO  o.s.boot.web.embedded.tomcat.TomcatWebServer - Tomcat initialized with port(s): 8001 (http)
2020-06-22 15:17:35.923 [restartedMain] INFO  org.apache.coyote.http11.Http11NioProtocol - Initializing ProtocolHandler ["http-nio-8001"]
2020-06-22 15:17:35.924 [restartedMain] INFO  org.apache.catalina.core.StandardService - Starting service [Tomcat]
2020-06-22 15:17:35.924 [restartedMain] INFO  org.apache.catalina.core.StandardEngine - Starting Servlet engine: [Apache Tomcat/9.0.27]
2020-06-22 15:17:35.952 [restartedMain] INFO  o.a.c.core.ContainerBase.[Tomcat].[localhost].[/] - Initializing Spring embedded WebApplicationContext
2020-06-22 15:17:35.952 [restartedMain] INFO  org.springframework.web.context.ContextLoader - Root WebApplicationContext: initialization completed in 1923 ms
2020-06-22 15:17:36.255 [restartedMain] INFO  com.zaxxer.hikari.HikariDataSource - GuliHikariPool - Starting...
2020-06-22 15:17:36.260 [restartedMain] INFO  com.zaxxer.hikari.HikariDataSource - GuliHikariPool - Start completed.
2020-06-22 15:17:36.664 [restartedMain] INFO  o.s.b.actuate.endpoint.web.EndpointLinksResolver - Exposing 2 endpoint(s) beneath base path '/actuator'
2020-06-22 15:17:36.715 [restartedMain] INFO  s.d.s.w.PropertySourcedRequestMappingHandlerMapping - Mapped URL path [/v2/api-docs] onto method [springfox.documentation.swagger2.web.Swagger2Controller#getDocumentation(String, HttpServletRequest)]
2020-06-22 15:17:36.828 [restartedMain] INFO  o.s.scheduling.concurrent.ThreadPoolTaskExecutor - Initializing ExecutorService 'applicationTaskExecutor'
2020-06-22 15:17:36.845 [restartedMain] INFO  o.s.b.d.autoconfigure.OptionalLiveReloadServer - LiveReload server is running on port 35729
2020-06-22 15:17:37.078 [restartedMain] INFO  s.d.s.web.plugins.DocumentationPluginsBootstrapper - Context refreshed
2020-06-22 15:17:37.081 [restartedMain] INFO  s.d.s.web.plugins.DocumentationPluginsBootstrapper - Found 1 custom documentation plugin(s)
2020-06-22 15:17:37.103 [restartedMain] INFO  s.d.spring.web.scanners.ApiListingReferenceScanner - Scanning for api listing references
2020-06-22 15:17:37.183 [restartedMain] INFO  s.d.s.w.r.operation.CachingOperationNameGenerator - Generating unique operation named: handleUsingGET_1
2020-06-22 15:17:37.187 [restartedMain] INFO  s.d.s.w.r.operation.CachingOperationNameGenerator - Generating unique operation named: handleUsingGET_2
2020-06-22 15:17:37.204 [restartedMain] INFO  org.apache.coyote.http11.Http11NioProtocol - Starting ProtocolHandler ["http-nio-8001"]
2020-06-22 15:17:37.210 [restartedMain] INFO  o.s.boot.web.embedded.tomcat.TomcatWebServer - Tomcat started on port(s): 8001 (http) with context path ''
2020-06-22 15:17:37.211 [restartedMain] INFO  com.atguigu.eduservice.EduServiceApplication - Started EduServiceApplication in 3.285 seconds (JVM running for 971.886)
2020-06-22 15:17:37.215 [restartedMain] INFO  o.s.b.d.a.ConditionEvaluationDeltaLoggingListener - Condition evaluation unchanged
2020-06-22 15:19:42.846 [Thread-62] INFO  o.s.scheduling.concurrent.ThreadPoolTaskExecutor - Shutting down ExecutorService 'applicationTaskExecutor'
2020-06-22 15:19:42.851 [Thread-62] INFO  com.zaxxer.hikari.HikariDataSource - GuliHikariPool - Shutdown initiated...
2020-06-22 15:19:42.860 [Thread-62] INFO  com.zaxxer.hikari.HikariDataSource - GuliHikariPool - Shutdown completed.
2020-06-22 15:19:43.829 [restartedMain] INFO  com.atguigu.eduservice.EduServiceApplication - Starting EduServiceApplication on DESKTOP-90MN7HO with PID 5600 (G:\JAVA\vblog\guli_parent\service\service_edu\target\classes started by tyl in G:\JAVA\vblog\guli_parent)
2020-06-22 15:19:43.831 [restartedMain] INFO  com.atguigu.eduservice.EduServiceApplication - The following profiles are active: dev
2020-06-22 15:19:45.893 [restartedMain] INFO  o.s.d.r.config.RepositoryConfigurationDelegate - Multiple Spring Data modules found, entering strict repository configuration mode!
2020-06-22 15:19:45.894 [restartedMain] INFO  o.s.d.r.config.RepositoryConfigurationDelegate - Bootstrapping Spring Data repositories in DEFAULT mode.
2020-06-22 15:19:45.912 [restartedMain] INFO  o.s.d.r.config.RepositoryConfigurationDelegate - Finished Spring Data repository scanning in 16ms. Found 0 repository interfaces.
2020-06-22 15:19:46.095 [restartedMain] INFO  o.s.c.s.PostProcessorRegistrationDelegate$BeanPostProcessorChecker - Bean 'org.springframework.transaction.annotation.ProxyTransactionManagementConfiguration' of type [org.springframework.transaction.annotation.ProxyTransactionManagementConfiguration] is not eligible for getting processed by all BeanPostProcessors (for example: not eligible for auto-proxying)
2020-06-22 15:19:46.330 [restartedMain] INFO  o.s.boot.web.embedded.tomcat.TomcatWebServer - Tomcat initialized with port(s): 8001 (http)
2020-06-22 15:19:46.331 [restartedMain] INFO  org.apache.coyote.http11.Http11NioProtocol - Initializing ProtocolHandler ["http-nio-8001"]
2020-06-22 15:19:46.332 [restartedMain] INFO  org.apache.catalina.core.StandardService - Starting service [Tomcat]
2020-06-22 15:19:46.333 [restartedMain] INFO  org.apache.catalina.core.StandardEngine - Starting Servlet engine: [Apache Tomcat/9.0.27]
2020-06-22 15:19:46.380 [restartedMain] INFO  o.a.c.core.ContainerBase.[Tomcat].[localhost].[/] - Initializing Spring embedded WebApplicationContext
2020-06-22 15:19:46.381 [restartedMain] INFO  org.springframework.web.context.ContextLoader - Root WebApplicationContext: initialization completed in 2543 ms
2020-06-22 15:19:46.816 [restartedMain] INFO  com.zaxxer.hikari.HikariDataSource - GuliHikariPool - Starting...
2020-06-22 15:19:46.822 [restartedMain] INFO  com.zaxxer.hikari.HikariDataSource - GuliHikariPool - Start completed.
2020-06-22 15:19:47.202 [restartedMain] INFO  o.s.b.actuate.endpoint.web.EndpointLinksResolver - Exposing 2 endpoint(s) beneath base path '/actuator'
2020-06-22 15:19:47.257 [restartedMain] INFO  s.d.s.w.PropertySourcedRequestMappingHandlerMapping - Mapped URL path [/v2/api-docs] onto method [springfox.documentation.swagger2.web.Swagger2Controller#getDocumentation(String, HttpServletRequest)]
2020-06-22 15:19:47.351 [restartedMain] INFO  o.s.scheduling.concurrent.ThreadPoolTaskExecutor - Initializing ExecutorService 'applicationTaskExecutor'
2020-06-22 15:19:47.365 [restartedMain] INFO  o.s.b.d.autoconfigure.OptionalLiveReloadServer - LiveReload server is running on port 35729
2020-06-22 15:19:47.600 [restartedMain] INFO  s.d.s.web.plugins.DocumentationPluginsBootstrapper - Context refreshed
2020-06-22 15:19:47.602 [restartedMain] INFO  s.d.s.web.plugins.DocumentationPluginsBootstrapper - Found 1 custom documentation plugin(s)
2020-06-22 15:19:47.617 [restartedMain] INFO  s.d.spring.web.scanners.ApiListingReferenceScanner - Scanning for api listing references
2020-06-22 15:19:47.696 [restartedMain] INFO  s.d.s.w.r.operation.CachingOperationNameGenerator - Generating unique operation named: handleUsingGET_1
2020-06-22 15:19:47.700 [restartedMain] INFO  s.d.s.w.r.operation.CachingOperationNameGenerator - Generating unique operation named: handleUsingGET_2
2020-06-22 15:19:47.719 [restartedMain] INFO  org.apache.coyote.http11.Http11NioProtocol - Starting ProtocolHandler ["http-nio-8001"]
2020-06-22 15:19:47.725 [restartedMain] INFO  o.s.boot.web.embedded.tomcat.TomcatWebServer - Tomcat started on port(s): 8001 (http) with context path ''
2020-06-22 15:19:47.726 [restartedMain] INFO  com.atguigu.eduservice.EduServiceApplication - Started EduServiceApplication in 4.002 seconds (JVM running for 1102.401)
2020-06-22 15:19:47.730 [restartedMain] INFO  o.s.b.d.a.ConditionEvaluationDeltaLoggingListener - Condition evaluation unchanged
2020-06-22 15:20:30.449 [restartedMain] INFO  com.atguigu.eduservice.EduServiceApplication - Starting EduServiceApplication on DESKTOP-90MN7HO with PID 6128 (G:\JAVA\vblog\guli_parent\service\service_edu\target\classes started by tyl in G:\JAVA\vblog\guli_parent)
2020-06-22 15:20:30.460 [restartedMain] INFO  com.atguigu.eduservice.EduServiceApplication - The following profiles are active: dev
2020-06-22 15:20:30.628 [restartedMain] INFO  o.s.b.d.env.DevToolsPropertyDefaultsPostProcessor - Devtools property defaults active! Set 'spring.devtools.add-properties' to 'false' to disable
2020-06-22 15:20:30.628 [restartedMain] INFO  o.s.b.d.env.DevToolsPropertyDefaultsPostProcessor - For additional web related logging consider setting the 'logging.level.web' property to 'DEBUG'
2020-06-22 15:20:34.756 [restartedMain] INFO  o.s.d.r.config.RepositoryConfigurationDelegate - Multiple Spring Data modules found, entering strict repository configuration mode!
2020-06-22 15:20:34.760 [restartedMain] INFO  o.s.d.r.config.RepositoryConfigurationDelegate - Bootstrapping Spring Data repositories in DEFAULT mode.
2020-06-22 15:20:34.801 [restartedMain] INFO  o.s.d.r.config.RepositoryConfigurationDelegate - Finished Spring Data repository scanning in 16ms. Found 0 repository interfaces.
2020-06-22 15:20:35.318 [restartedMain] INFO  o.s.c.s.PostProcessorRegistrationDelegate$BeanPostProcessorChecker - Bean 'org.springframework.transaction.annotation.ProxyTransactionManagementConfiguration' of type [org.springframework.transaction.annotation.ProxyTransactionManagementConfiguration] is not eligible for getting processed by all BeanPostProcessors (for example: not eligible for auto-proxying)
2020-06-22 15:20:35.776 [restartedMain] INFO  o.s.boot.web.embedded.tomcat.TomcatWebServer - Tomcat initialized with port(s): 8001 (http)
2020-06-22 15:20:35.790 [restartedMain] INFO  org.apache.coyote.http11.Http11NioProtocol - Initializing ProtocolHandler ["http-nio-8001"]
2020-06-22 15:20:35.791 [restartedMain] INFO  org.apache.catalina.core.StandardService - Starting service [Tomcat]
2020-06-22 15:20:35.791 [restartedMain] INFO  org.apache.catalina.core.StandardEngine - Starting Servlet engine: [Apache Tomcat/9.0.27]
2020-06-22 15:20:36.058 [restartedMain] INFO  o.a.c.core.ContainerBase.[Tomcat].[localhost].[/] - Initializing Spring embedded WebApplicationContext
2020-06-22 15:20:36.059 [restartedMain] INFO  org.springframework.web.context.ContextLoader - Root WebApplicationContext: initialization completed in 5430 ms
2020-06-22 15:20:36.858 [restartedMain] INFO  com.zaxxer.hikari.HikariDataSource - GuliHikariPool - Starting...
2020-06-22 15:20:37.026 [restartedMain] INFO  com.zaxxer.hikari.HikariDataSource - GuliHikariPool - Start completed.
2020-06-22 15:20:37.847 [restartedMain] INFO  o.s.b.actuate.endpoint.web.EndpointLinksResolver - Exposing 2 endpoint(s) beneath base path '/actuator'
2020-06-22 15:20:37.944 [restartedMain] INFO  s.d.s.w.PropertySourcedRequestMappingHandlerMapping - Mapped URL path [/v2/api-docs] onto method [springfox.documentation.swagger2.web.Swagger2Controller#getDocumentation(String, HttpServletRequest)]
2020-06-22 15:20:38.111 [restartedMain] INFO  o.s.scheduling.concurrent.ThreadPoolTaskExecutor - Initializing ExecutorService 'applicationTaskExecutor'
2020-06-22 15:20:38.168 [restartedMain] INFO  o.s.b.d.autoconfigure.OptionalLiveReloadServer - LiveReload server is running on port 35729
2020-06-22 15:20:38.694 [restartedMain] INFO  s.d.s.web.plugins.DocumentationPluginsBootstrapper - Context refreshed
2020-06-22 15:20:38.713 [restartedMain] INFO  s.d.s.web.plugins.DocumentationPluginsBootstrapper - Found 1 custom documentation plugin(s)
2020-06-22 15:20:38.782 [restartedMain] INFO  s.d.spring.web.scanners.ApiListingReferenceScanner - Scanning for api listing references
2020-06-22 15:20:39.046 [restartedMain] INFO  s.d.s.w.r.operation.CachingOperationNameGenerator - Generating unique operation named: handleUsingGET_1
2020-06-22 15:20:39.050 [restartedMain] INFO  s.d.s.w.r.operation.CachingOperationNameGenerator - Generating unique operation named: handleUsingGET_2
2020-06-22 15:20:39.090 [restartedMain] INFO  org.apache.coyote.http11.Http11NioProtocol - Starting ProtocolHandler ["http-nio-8001"]
2020-06-22 15:20:39.123 [restartedMain] INFO  o.s.boot.web.embedded.tomcat.TomcatWebServer - Tomcat started on port(s): 8001 (http) with context path ''
2020-06-22 15:20:39.127 [restartedMain] INFO  com.atguigu.eduservice.EduServiceApplication - Started EduServiceApplication in 10.16 seconds (JVM running for 13.608)
2020-06-22 15:20:39.373 [RMI TCP Connection(3)-169.254.229.131] INFO  o.a.c.core.ContainerBase.[Tomcat].[localhost].[/] - Initializing Spring DispatcherServlet 'dispatcherServlet'
2020-06-22 15:20:39.374 [RMI TCP Connection(3)-169.254.229.131] INFO  org.springframework.web.servlet.DispatcherServlet - Initializing Servlet 'dispatcherServlet'
2020-06-22 15:20:39.386 [RMI TCP Connection(3)-169.254.229.131] INFO  org.springframework.web.servlet.DispatcherServlet - Completed initialization in 12 ms
2020-06-22 15:20:40.303 [boundedElastic-1] INFO  io.lettuce.core.EpollProvider - Starting without optional epoll library
2020-06-22 15:20:40.307 [boundedElastic-1] INFO  io.lettuce.core.KqueueProvider - Starting without optional kqueue library
